<?xml version="1.0" encoding="UTF-8"?>
<testng-results ignored="0" total="1" passed="1" failed="0" skipped="0">
  <reporter-output>
  </reporter-output>
  <suite started-at="2026-03-10T18:05:31 IST" name="Default suite" finished-at="2026-03-10T18:05:46 IST" duration-ms="15268">
    <groups>
    </groups>
    <test started-at="2026-03-10T18:05:31 IST" name="Default test" finished-at="2026-03-10T18:05:46 IST" duration-ms="15268">
      <class name="ProductManagementTest.Productscreen">
        <test-method is-config="true" signature="setUp()[pri:0, instance:ProductManagementTest.Productscreen@1aafa419]" started-at="2026-03-10T18:05:31 IST" name="setUp" finished-at="2026-03-10T18:05:35 IST" duration-ms="3743" status="PASS">
          <reporter-output>
          </reporter-output>
        </test-method> <!-- setUp -->
        <test-method signature="addEditProductTest()[pri:0, instance:ProductManagementTest.Productscreen@1aafa419]" started-at="2026-03-10T18:05:35 IST" name="addEditProductTest" finished-at="2026-03-10T18:05:46 IST" duration-ms="11471" status="PASS">
          <reporter-output>
          </reporter-output>
        </test-method> <!-- addEditProductTest -->
      </class> <!-- ProductManagementTest.Productscreen -->
    </test> <!-- Default test -->
  </suite> <!-- Default suite -->
</testng-results>
